[debug] [2026-04-29T20:07:06.613Z] ----------------------------------------------------------------------
[debug] [2026-04-29T20:07:06.617Z] Command:       D:\node.exe C:\Users\kedog\AppData\Roaming\npm\node_modules\firebase-tools\lib\bin\firebase.js init hosting --project espeezylearning --public public --only hosting --non-interactive
[debug] [2026-04-29T20:07:06.618Z] CLI Version:   15.0.0
[debug] [2026-04-29T20:07:06.619Z] Platform:      win32
[debug] [2026-04-29T20:07:06.619Z] Node Version:  v22.20.0
[debug] [2026-04-29T20:07:06.620Z] Time:          Wed Apr 29 2026 21:07:06 GMT+0100 (British Summer Time)
[debug] [2026-04-29T20:07:06.620Z] ----------------------------------------------------------------------
[debug] 
[debug] [2026-04-29T20:07:06.624Z] >>> [apiv2][query] GET https://firebase-public.firebaseio.com/cli.json [none]
[debug] [2026-04-29T20:07:19.619Z] Error: Cannot find module './internal/streams/passthrough'
Require stack:
- C:\Users\kedog\AppData\Roaming\npm\node_modules\firebase-tools\node_modules\readable-stream\lib\stream.js
- C:\Users\kedog\AppData\Roaming\npm\node_modules\firebase-tools\node_modules\readable-stream\lib\ours\index.js
- C:\Users\kedog\AppData\Roaming\npm\node_modules\firebase-tools\node_modules\archiver-utils\index.js
- C:\Users\kedog\AppData\Roaming\npm\node_modules\firebase-tools\node_modules\archiver\lib\core.js
- C:\Users\kedog\AppData\Roaming\npm\node_modules\firebase-tools\node_modules\archiver\index.js
- C:\Users\kedog\AppData\Roaming\npm\node_modules\firebase-tools\lib\archiveDirectory.js
- C:\Users\kedog\AppData\Roaming\npm\node_modules\firebase-tools\lib\extensions\extensionsHelper.js
- C:\Users\kedog\AppData\Roaming\npm\node_modules\firebase-tools\lib\deploy\extensions\planner.js
- C:\Users\kedog\AppData\Roaming\npm\node_modules\firebase-tools\lib\extensions\manifest.js
- C:\Users\kedog\AppData\Roaming\npm\node_modules\firebase-tools\lib\emulator\functionsEmulatorShared.js
- C:\Users\kedog\AppData\Roaming\npm\node_modules\firebase-tools\lib\frameworks\index.js
- C:\Users\kedog\AppData\Roaming\npm\node_modules\firebase-tools\lib\init\features\hosting\index.js
- C:\Users\kedog\AppData\Roaming\npm\node_modules\firebase-tools\lib\init\features\index.js
- C:\Users\kedog\AppData\Roaming\npm\node_modules\firebase-tools\lib\init\index.js
- C:\Users\kedog\AppData\Roaming\npm\node_modules\firebase-tools\lib\commands\init.js
- C:\Users\kedog\AppData\Roaming\npm\node_modules\firebase-tools\lib\commands\index.js
- C:\Users\kedog\AppData\Roaming\npm\node_modules\firebase-tools\lib\index.js
- C:\Users\kedog\AppData\Roaming\npm\node_modules\firebase-tools\lib\bin\cli.js
- C:\Users\kedog\AppData\Roaming\npm\node_modules\firebase-tools\lib\bin\firebase.js
    at Function._resolveFilename (node:internal/modules/cjs/loader:1383:15)
    at defaultResolveImpl (node:internal/modules/cjs/loader:1025:19)
    at resolveForCJSWithHooks (node:internal/modules/cjs/loader:1030:22)
    at Function._load (node:internal/modules/cjs/loader:1192:37)
    at TracingChannel.traceSync (node:diagnostics_channel:322:14)
    at wrapModuleLoad (node:internal/modules/cjs/loader:237:24)
    at Module.require (node:internal/modules/cjs/loader:1463:12)
    at require (node:internal/modules/helpers:147:16)
    at Object.<anonymous> (C:\Users\kedog\AppData\Roaming\npm\node_modules\firebase-tools\node_modules\readable-stream\lib\stream.js:104:22)
    at Module._compile (node:internal/modules/cjs/loader:1706:14)
[error] 
[error] Error: An unexpected error has occurred.
[debug] [2026-04-29T20:07:19.927Z] Error when notifying about new CLI updates:
